{"uuid":"8cec26f0-f0cd-4136-9feb-ab34c2f7d141","name":"MyRunner.ProductAddtoCartRunner","children":["f30edef6-e289-4774-be19-ba077b3f7500"],"befores":[{"name":"setUpClass","status":"broken","statusDetails":{"known":false,"muted":false,"flaky":false,"message":"Couldn't create parent directories of 'C:\\Users\\JAYANTH\\eclipse-workspace\\Cap_Stone\\target\\cucumber-reports\\cucumber.json'.\nMake sure the the parent directory 'C:\\Users\\JAYANTH\\eclipse-workspace\\Cap_Stone\\target\\cucumber-reports' isn't a file.\n\nNote: This usually happens when plugins write to colliding paths.\nFor example: 'html:target/cucumber, json:target/cucumber/report.json'\nYou can fix this by making the paths do no collide.\nFor example: 'html:target/cucumber/report.html, json:target/cucumber/report.json'\nThe details are in the stack trace below:","trace":"java.lang.IllegalArgumentException: Couldn't create parent directories of 'C:\\Users\\JAYANTH\\eclipse-workspace\\Cap_Stone\\target\\cucumber-reports\\cucumber.json'.\nMake sure the the parent directory 'C:\\Users\\JAYANTH\\eclipse-workspace\\Cap_Stone\\target\\cucumber-reports' isn't a file.\n\nNote: This usually happens when plugins write to colliding paths.\nFor example: 'html:target/cucumber, json:target/cucumber/report.json'\nYou can fix this by making the paths do no collide.\nFor example: 'html:target/cucumber/report.html, json:target/cucumber/report.json'\nThe details are in the stack trace below:\r\n\tat io.cucumber.core.plugin.PluginFactory.createFileOutputStream(PluginFactory.java:222)\r\n\tat io.cucumber.core.plugin.PluginFactory.openStream(PluginFactory.java:199)\r\n\tat io.cucumber.core.plugin.PluginFactory.convert(PluginFactory.java:166)\r\n\tat io.cucumber.core.plugin.PluginFactory.instantiate(PluginFactory.java:99)\r\n\tat io.cucumber.core.plugin.PluginFactory.create(PluginFactory.java:63)\r\n\tat io.cucumber.core.plugin.Plugins.createPlugins(Plugins.java:32)\r\n\tat io.cucumber.core.plugin.Plugins.<init>(Plugins.java:25)\r\n\tat io.cucumber.testng.TestNGCucumberRunner.<init>(TestNGCucumberRunner.java:111)\r\n\tat io.cucumber.testng.AbstractTestNGCucumberTests.setUpClass(AbstractTestNGCucumberTests.java:27)\r\n\tat java.base/jdk.internal.reflect.NativeMethodAccessorImpl.invoke0(Native Method)\r\n\tat java.base/jdk.internal.reflect.NativeMethodAccessorImpl.invoke(NativeMethodAccessorImpl.java:77)\r\n\tat java.base/jdk.internal.reflect.DelegatingMethodAccessorImpl.invoke(DelegatingMethodAccessorImpl.java:43)\r\n\tat java.base/java.lang.reflect.Method.invoke(Method.java:568)\r\n\tat org.testng.internal.invokers.MethodInvocationHelper.invokeMethod(MethodInvocationHelper.java:141)\r\n\tat org.testng.internal.invokers.MethodInvocationHelper.invokeMethodConsideringTimeout(MethodInvocationHelper.java:71)\r\n\tat org.testng.internal.invokers.ConfigInvoker.invokeConfigurationMethod(ConfigInvoker.java:400)\r\n\tat org.testng.internal.invokers.ConfigInvoker.invokeConfigurations(ConfigInvoker.java:333)\r\n\tat org.testng.internal.invokers.TestMethodWorker.invokeBeforeClassMethods(TestMethodWorker.java:188)\r\n\tat org.testng.internal.invokers.TestMethodWorker.run(TestMethodWorker.java:128)\r\n\tat java.base/java.util.ArrayList.forEach(ArrayList.java:1511)\r\n\tat org.testng.TestRunner.privateRun(TestRunner.java:739)\r\n\tat org.testng.TestRunner.run(TestRunner.java:614)\r\n\tat org.testng.SuiteRunner.runTest(SuiteRunner.java:421)\r\n\tat org.testng.SuiteRunner.runSequentially(SuiteRunner.java:413)\r\n\tat org.testng.SuiteRunner.privateRun(SuiteRunner.java:373)\r\n\tat org.testng.SuiteRunner.run(SuiteRunner.java:312)\r\n\tat org.testng.SuiteRunnerWorker.runSuite(SuiteRunnerWorker.java:52)\r\n\tat org.testng.SuiteRunnerWorker.run(SuiteRunnerWorker.java:95)\r\n\tat org.testng.TestNG.runSuitesSequentially(TestNG.java:1274)\r\n\tat org.testng.TestNG.runSuitesLocally(TestNG.java:1208)\r\n\tat org.testng.TestNG.runSuites(TestNG.java:1112)\r\n\tat org.testng.TestNG.run(TestNG.java:1079)\r\n\tat org.testng.remote.AbstractRemoteTestNG.run(AbstractRemoteTestNG.java:115)\r\n\tat org.testng.remote.RemoteTestNG.initAndRun(RemoteTestNG.java:293)\r\n\tat org.testng.remote.RemoteTestNG.main(RemoteTestNG.java:91)\r\nCaused by: java.nio.file.FileAlreadyExistsException: C:\\Users\\JAYANTH\\eclipse-workspace\\Cap_Stone\\target\\cucumber-reports\r\n\tat java.base/sun.nio.fs.WindowsException.translateToIOException(WindowsException.java:87)\r\n\tat java.base/sun.nio.fs.WindowsException.rethrowAsIOException(WindowsException.java:103)\r\n\tat java.base/sun.nio.fs.WindowsException.rethrowAsIOException(WindowsException.java:108)\r\n\tat java.base/sun.nio.fs.WindowsFileSystemProvider.createDirectory(WindowsFileSystemProvider.java:521)\r\n\tat java.base/java.nio.file.Files.createDirectory(Files.java:700)\r\n\tat java.base/java.nio.file.Files.createAndCheckIsDirectory(Files.java:807)\r\n\tat java.base/java.nio.file.Files.createDirectories(Files.java:753)\r\n\tat io.cucumber.core.plugin.PluginFactory.createFileOutputStream(PluginFactory.java:218)\r\n\t... 34 more\r\n"},"stage":"finished","description":"","steps":[],"attachments":[],"parameters":[],"start":1742542231650,"stop":1742542232376}],"afters":[{"name":"tearDownClass","status":"passed","stage":"finished","description":"","steps":[],"attachments":[],"parameters":[],"start":1742542232749,"stop":1742542232750}],"start":1742542231530,"stop":1742542232774}